<?xml version="1.0" encoding="UTF-8"?>
<coverage generated="1771934971054" clover="3.2.0">
  <project timestamp="1771934971055" name="All files">
    <metrics statements="33" coveredstatements="32" conditionals="14" coveredconditionals="14" methods="3" coveredmethods="3" elements="50" coveredelements="49" complexity="0" loc="33" ncloc="33" packages="1" files="1" classes="1"/>
    <file name="soundboardUtils.js" path="C:\Surafel\SelDev\AI-ML\codex\soundboard\utils\soundboardUtils.js">
      <metrics statements="33" coveredstatements="32" conditionals="14" coveredconditionals="14" methods="3" coveredmethods="3"/>
      <line num="1" count="1" type="stmt"/>
      <line num="2" count="1" type="stmt"/>
      <line num="3" count="1" type="stmt"/>
      <line num="6" count="2" type="stmt"/>
      <line num="7" count="2" type="stmt"/>
      <line num="8" count="4" type="stmt"/>
      <line num="9" count="4" type="stmt"/>
      <line num="11" count="2" type="stmt"/>
      <line num="15" count="5" type="cond" truecount="2" falsecount="0"/>
      <line num="16" count="5" type="stmt"/>
      <line num="17" count="5" type="cond" truecount="2" falsecount="0"/>
      <line num="18" count="2" type="stmt"/>
      <line num="20" count="3" type="stmt"/>
      <line num="24" count="4" type="stmt"/>
      <line num="25" count="4" type="cond" truecount="2" falsecount="0"/>
      <line num="26" count="1" type="stmt"/>
      <line num="29" count="3" type="stmt"/>
      <line num="30" count="3" type="stmt"/>
      <line num="32" count="3" type="stmt"/>
      <line num="33" count="13" type="stmt"/>
      <line num="35" count="13" type="stmt"/>
      <line num="36" count="123" type="stmt"/>
      <line num="37" count="123" type="stmt"/>
      <line num="38" count="123" type="stmt"/>
      <line num="39" count="123" type="stmt"/>
      <line num="41" count="123" type="cond" truecount="2" falsecount="0"/>
      <line num="42" count="109" type="stmt"/>
      <line num="45" count="14" type="stmt"/>
      <line num="46" count="14" type="cond" truecount="4" falsecount="0"/>
      <line num="47" count="7" type="stmt"/>
      <line num="51" count="13" type="cond" truecount="2" falsecount="0"/>
      <line num="52" count="3" type="stmt"/>
      <line num="56" count="0" type="stmt"/>
    </file>
  </project>
</coverage>
