{"C:\\Surafel\\SelDev\\AI-ML\\codex\\soundboard\\utils\\soundboardUtils.js": {"path":"C:\\Surafel\\SelDev\\AI-ML\\codex\\soundboard\\utils\\soundboardUtils.js","statementMap":{"0":{"start":{"line":1,"column":31},"end":{"line":1,"column":33}},"1":{"start":{"line":2,"column":31},"end":{"line":2,"column":34}},"2":{"start":{"line":3,"column":24},"end":{"line":3,"column":26}},"3":{"start":{"line":6,"column":15},"end":{"line":6,"column":25}},"4":{"start":{"line":7,"column":2},"end":{"line":10,"column":3}},"5":{"start":{"line":7,"column":15},"end":{"line":7,"column":30}},"6":{"start":{"line":8,"column":14},"end":{"line":8,"column":49}},"7":{"start":{"line":9,"column":4},"end":{"line":9,"column":44}},"8":{"start":{"line":11,"column":2},"end":{"line":11,"column":14}},"9":{"start":{"line":15,"column":27},"end":{"line":15,"column":75}},"10":{"start":{"line":16,"column":18},"end":{"line":16,"column":85}},"11":{"start":{"line":17,"column":2},"end":{"line":19,"column":3}},"12":{"start":{"line":18,"column":4},"end":{"line":18,"column":40}},"13":{"start":{"line":20,"column":2},"end":{"line":20,"column":54}},"14":{"start":{"line":24,"column":19},"end":{"line":24,"column":40}},"15":{"start":{"line":25,"column":2},"end":{"line":27,"column":3}},"16":{"start":{"line":26,"column":4},"end":{"line":26,"column":59}},"17":{"start":{"line":29,"column":22},"end":{"line":29,"column":52}},"18":{"start":{"line":30,"column":23},"end":{"line":30,"column":54}},"19":{"start":{"line":32,"column":2},"end":{"line":54,"column":3}},"20":{"start":{"line":32,"column":19},"end":{"line":32,"column":27}},"21":{"start":{"line":33,"column":23},"end":{"line":33,"column":27}},"22":{"start":{"line":35,"column":4},"end":{"line":49,"column":5}},"23":{"start":{"line":35,"column":23},"end":{"line":35,"column":24}},"24":{"start":{"line":36,"column":19},"end":{"line":36,"column":45}},"25":{"start":{"line":37,"column":26},"end":{"line":37,"column":76}},"26":{"start":{"line":38,"column":27},"end":{"line":38,"column":72}},"27":{"start":{"line":39,"column":28},"end":{"line":39,"column":75}},"28":{"start":{"line":41,"column":6},"end":{"line":43,"column":7}},"29":{"start":{"line":42,"column":8},"end":{"line":42,"column":17}},"30":{"start":{"line":45,"column":26},"end":{"line":45,"column":66}},"31":{"start":{"line":46,"column":6},"end":{"line":48,"column":7}},"32":{"start":{"line":47,"column":8},"end":{"line":47,"column":61}},"33":{"start":{"line":51,"column":4},"end":{"line":53,"column":5}},"34":{"start":{"line":52,"column":6},"end":{"line":52,"column":26}},"35":{"start":{"line":56,"column":2},"end":{"line":56,"column":57}}},"fnMap":{"0":{"name":"shuffleArray","decl":{"start":{"line":5,"column":16},"end":{"line":5,"column":28}},"loc":{"start":{"line":5,"column":36},"end":{"line":12,"column":1}},"line":5},"1":{"name":"toLabel","decl":{"start":{"line":14,"column":16},"end":{"line":14,"column":23}},"loc":{"start":{"line":14,"column":45},"end":{"line":21,"column":1}},"line":14},"2":{"name":"calculateAdaptiveGrid","decl":{"start":{"line":23,"column":16},"end":{"line":23,"column":37}},"loc":{"start":{"line":23,"column":73},"end":{"line":57,"column":1}},"line":23}},"branchMap":{"0":{"loc":{"start":{"line":15,"column":28},"end":{"line":15,"column":38}},"type":"binary-expr","locations":[{"start":{"line":15,"column":28},"end":{"line":15,"column":32}},{"start":{"line":15,"column":36},"end":{"line":15,"column":38}}],"line":15},"1":{"loc":{"start":{"line":17,"column":2},"end":{"line":19,"column":3}},"type":"if","locations":[{"start":{"line":17,"column":2},"end":{"line":19,"column":3}},{"start":{},"end":{}}],"line":17},"2":{"loc":{"start":{"line":25,"column":2},"end":{"line":27,"column":3}},"type":"if","locations":[{"start":{"line":25,"column":2},"end":{"line":27,"column":3}},{"start":{},"end":{}}],"line":25},"3":{"loc":{"start":{"line":41,"column":6},"end":{"line":43,"column":7}},"type":"if","locations":[{"start":{"line":41,"column":6},"end":{"line":43,"column":7}},{"start":{},"end":{}}],"line":41},"4":{"loc":{"start":{"line":46,"column":6},"end":{"line":48,"column":7}},"type":"if","locations":[{"start":{"line":46,"column":6},"end":{"line":48,"column":7}},{"start":{},"end":{}}],"line":46},"5":{"loc":{"start":{"line":46,"column":10},"end":{"line":46,"column":58}},"type":"binary-expr","locations":[{"start":{"line":46,"column":10},"end":{"line":46,"column":23}},{"start":{"line":46,"column":27},"end":{"line":46,"column":58}}],"line":46},"6":{"loc":{"start":{"line":51,"column":4},"end":{"line":53,"column":5}},"type":"if","locations":[{"start":{"line":51,"column":4},"end":{"line":53,"column":5}},{"start":{},"end":{}}],"line":51}},"s":{"0":1,"1":1,"2":1,"3":2,"4":2,"5":2,"6":4,"7":4,"8":2,"9":5,"10":5,"11":5,"12":2,"13":3,"14":4,"15":4,"16":1,"17":3,"18":3,"19":3,"20":3,"21":13,"22":13,"23":13,"24":123,"25":123,"26":123,"27":123,"28":123,"29":109,"30":14,"31":14,"32":7,"33":13,"34":3,"35":0},"f":{"0":2,"1":5,"2":4},"b":{"0":[5,2],"1":[2,3],"2":[1,3],"3":[109,14],"4":[7,7],"5":[14,11],"6":[3,10]},"_coverageSchema":"1a1c01bbd47fc00a2c39e90264f33305004495a9","hash":"fa28db4ccee423863b3b58a83d17abae22d070ec"}
}
