TN:
SF:utils\soundboardUtils.js
FN:5,shuffleArray
FN:14,toLabel
FN:23,calculateAdaptiveGrid
FNF:3
FNH:3
FNDA:2,shuffleArray
FNDA:5,toLabel
FNDA:4,calculateAdaptiveGrid
DA:1,1
DA:2,1
DA:3,1
DA:6,2
DA:7,2
DA:8,4
DA:9,4
DA:11,2
DA:15,5
DA:16,5
DA:17,5
DA:18,2
DA:20,3
DA:24,4
DA:25,4
DA:26,1
DA:29,3
DA:30,3
DA:32,3
DA:33,13
DA:35,13
DA:36,123
DA:37,123
DA:38,123
DA:39,123
DA:41,123
DA:42,109
DA:45,14
DA:46,14
DA:47,7
DA:51,13
DA:52,3
DA:56,0
LF:33
LH:32
BRDA:15,0,0,5
BRDA:15,0,1,2
BRDA:17,1,0,2
BRDA:17,1,1,3
BRDA:25,2,0,1
BRDA:25,2,1,3
BRDA:41,3,0,109
BRDA:41,3,1,14
BRDA:46,4,0,7
BRDA:46,4,1,7
BRDA:46,5,0,14
BRDA:46,5,1,11
BRDA:51,6,0,3
BRDA:51,6,1,10
BRF:14
BRH:14
end_of_record
